TN:
SF:C:\Raghavendra\DCX\POC\AGgrid_Demo\demo-poc\src\polyfills.ts
FNF:0
FNH:0
LF:0
LH:0
BRF:0
BRH:0
end_of_record
TN:
SF:C:\Raghavendra\DCX\POC\AGgrid_Demo\demo-poc\src\test.ts
FNF:0
FNH:0
DA:13,1
DA:18,1
DA:20,1
LF:3
LH:3
BRF:0
BRH:0
end_of_record
TN:
SF:C:\Raghavendra\DCX\POC\AGgrid_Demo\demo-poc\src\app\app.component.ts
FN:8,(anonymous_0)
FN:3,AppComponent
FNF:2
FNH:2
FNDA:1,(anonymous_0)
FNDA:1,AppComponent
DA:8,1
DA:9,1
DA:10,1
LF:3
LH:3
BRF:0
BRH:0
end_of_record
TN:
SF:C:\Raghavendra\DCX\POC\AGgrid_Demo\demo-poc\src\app\show-data\show-data.component.ts
FN:11,(anonymous_0)
FN:30,ShowDataComponent
FN:37,(anonymous_2)
FN:38,(anonymous_3)
FN:40,(anonymous_4)
FN:47,(anonymous_5)
FN:55,(anonymous_6)
FN:59,(anonymous_7)
FNF:8
FNH:7
FNDA:1,(anonymous_0)
FNDA:3,ShowDataComponent
FNDA:3,(anonymous_2)
FNDA:1,(anonymous_3)
FNDA:2,(anonymous_4)
FNDA:0,(anonymous_5)
FNDA:4,(anonymous_6)
FNDA:1,(anonymous_7)
DA:11,1
DA:14,3
DA:15,3
DA:30,3
DA:31,3
DA:32,3
DA:37,3
DA:38,3
DA:39,1
DA:40,1
DA:41,2
DA:43,1
DA:47,1
DA:48,0
DA:49,0
DA:51,0
DA:55,1
DA:56,4
DA:59,1
DA:60,1
DA:65,1
DA:67,1
LF:22
LH:19
BRDA:48,0,0,0
BRDA:48,0,1,0
BRDA:48,1,0,0
BRDA:48,1,1,0
BRF:4
BRH:0
end_of_record
